This is pdfTeX, Version 3.1415926-1.40.10 (MiKTeX 2.8) (preloaded format=pdflatex 2011.1.19)  22 MAY 2012 09:29
entering extended mode
**C:/PythonCode/doc/CheatSheet.tex
(C:/PythonCode/doc/CheatSheet.tex
LaTeX2e <2009/09/24>
Babel <v3.8l> and hyphenation patterns for english, dumylang, nohyphenation, ge
rman, ngerman, german-x-2009-06-19, ngerman-x-2009-06-19, french, loaded.
("C:\Program Files (x86)\MiKTeX 2.8\tex\latex\koma-script\scrartcl.cls"
Document Class: scrartcl 2010/09/17 v3.07 KOMA-Script document class (article)
("C:\Program Files (x86)\MiKTeX 2.8\tex\latex\koma-script\scrkbase.sty"
Package: scrkbase 2010/09/17 v3.07 KOMA-Script package (KOMA-Script-dependent b
asics and keyval usage)

("C:\Program Files (x86)\MiKTeX 2.8\tex\latex\koma-script\scrbase.sty"
Package: scrbase 2010/09/17 v3.07 KOMA-Script package (KOMA-Script-independent 
basics and keyval usage)

("C:\Program Files (x86)\MiKTeX 2.8\tex\latex\graphics\keyval.sty"
Package: keyval 1999/03/16 v1.13 key=value parser (DPC)
\KV@toks@=\toks14
)
("C:\Program Files (x86)\MiKTeX 2.8\tex\latex\koma-script\scrlfile.sty"
Package: scrlfile 2009/03/25 v3.03 KOMA-Script package (loading files)

Package scrlfile, 2009/03/25 v3.03 KOMA-Script package (loading files)
                  Copyright (C) Markus Kohm

))) ("C:\Program Files (x86)\MiKTeX 2.8\tex\latex\koma-script\tocbasic.sty"
Package: tocbasic 2010/09/14 v3.06a KOMA-Script package (handling toc-files)
)
Package tocbasic Info: omitting babel extension for `toc'
(tocbasic)             because of feature `nobabel' available
(tocbasic)             for `toc' on input line 115.
Package tocbasic Info: omitting babel extension for `lof'
(tocbasic)             because of feature `nobabel' available
(tocbasic)             for `lof' on input line 116.
Package tocbasic Info: omitting babel extension for `lot'
(tocbasic)             because of feature `nobabel' available
(tocbasic)             for `lot' on input line 117.
Package scrartcl Info: You've used obsolete option `9pt'.
(scrartcl)             \KOMAExecuteOptions{fontsize=9pt} will be
(scrartcl)             used instead.
(scrartcl)             You may simply replace `9pt'
(scrartcl)             by `fontsize=9pt'.
Class scrartcl Info: File `size9.clo' used to setup font sizes on input line 12
10.

("C:\Program Files (x86)\MiKTeX 2.8\tex\latex\extsizes\size9.clo"
File: size9.clo 1999/11/11 v1.4a NON-Standard LaTeX file (size option)
)
("C:\Program Files (x86)\MiKTeX 2.8\tex\latex\koma-script\typearea.sty"
Package: typearea 2010/09/17 v3.07 KOMA-Script package (type area)

Package typearea, 2010/09/17 v3.07 KOMA-Script package (type area)
                  Copyright (C) Frank Neukam, 1992-1994
                  Copyright (C) Markus Kohm, 1994-

\ta@bcor=\skip41
\ta@div=\count79
Package typearea Info: You've used standard option `a4paper'.
(typearea)             This is correct!
(typearea)             Internally I'm using `paper=a4'.
(typearea)             If you'd like to set the option with \KOMAoptions,
(typearea)             you'd have to use `paper=a4' there
(typearea)             instead of `a4paper', too.
Package typearea Info: You've used standard option `landscape'.
(typearea)             This is correct!
(typearea)             Internally I'm using `paper=landscape'.
(typearea)             If you'd like to set the option with \KOMAoptions,
(typearea)             you'd have to use `paper=landscape' there
(typearea)             instead of `landscape', too.
\ta@hblk=\skip42
\ta@vblk=\skip43
\ta@temp=\skip44

Package typearea Warning: DIV for 9.0pt and used papersize
(typearea)                not defined!
(typearea)                Using DIV=1.

DIV calculation for typearea with good linewidth.

Package typearea Warning: Maybe no optimal type area settings!
(typearea)                The maximum limit of line width is about 29%
(typearea)                larger than the heuristically detected line width.
(typearea)                You may e.g. increase DIV, decrease fontsize
(typearea)                or change the papersize.


Package typearea Warning: Very low DIV value!
(typearea)                DIV values less than 6 result in textwidth/-height
(typearea)                smaller than total marginwidth/-height.
(typearea)                You should e.g. increase DIV, increase fontsize or
(typearea)                change papersize.

Package typearea Info: These are the values describing the layout:
(typearea)             DIV  = 4
(typearea)             BCOR = 0.0pt
(typearea)             \paperwidth      = 845.04694pt
(typearea)              \textwidth      = 211.26173pt
(typearea)              DIV departure   = 29%
(typearea)              \evensidemargin = 244.6226pt
(typearea)              \oddsidemargin  = 244.6226pt
(typearea)             \paperheight     = 597.50793pt
(typearea)              \textheight     = 151.34996pt
(typearea)              \topmargin      = 46.99452pt
(typearea)              \headheight     = 13.68748pt
(typearea)              \headsep        = 16.42499pt
(typearea)              \topskip        = 9.0pt
(typearea)              \footskip       = 38.32498pt
(typearea)              \baselineskip   = 10.95pt
(typearea)              on input line 1134.
)
\c@part=\count80
\c@section=\count81
\c@subsection=\count82
\c@subsubsection=\count83
\c@paragraph=\count84
\c@subparagraph=\count85
\abovecaptionskip=\skip45
\belowcaptionskip=\skip46
\c@pti@nb@sid@b@x=\box26
\c@figure=\count86
\c@table=\count87
\bibindent=\dimen102
) ("C:\Program Files (x86)\MiKTeX 2.8\tex\latex\geometry\geometry.sty"
Package: geometry 2010/09/12 v5.6 Page Geometry

("C:\Program Files (x86)\MiKTeX 2.8\tex\generic\oberdiek\ifpdf.sty"
Package: ifpdf 2010/01/28 v2.1 Provides the ifpdf switch (HO)
Package ifpdf Info: pdfTeX in pdf mode detected.
)
("C:\Program Files (x86)\MiKTeX 2.8\tex\generic\oberdiek\ifvtex.sty"
Package: ifvtex 2010/03/01 v1.5 Switches for detecting VTeX and its modes (HO)
Package ifvtex Info: VTeX not detected.
)
("C:\Program Files (x86)\MiKTeX 2.8\tex\generic\ifxetex\ifxetex.sty"
Package: ifxetex 2010/09/12 v0.6 Provides ifxetex conditional
)
\Gm@cnth=\count88
\Gm@cntv=\count89
\c@Gm@tempcnt=\count90
\Gm@bindingoffset=\dimen103
\Gm@wd@mp=\dimen104
\Gm@odd@mp=\dimen105
\Gm@even@mp=\dimen106
\Gm@layoutwidth=\dimen107
\Gm@layoutheight=\dimen108
\Gm@layouthoffset=\dimen109
\Gm@layoutvoffset=\dimen110
\Gm@dimlist=\toks15

("C:\Program Files (x86)\MiKTeX 2.8\tex\latex\geometry\geometry.cfg"))
("C:\Program Files (x86)\MiKTeX 2.8\tex\latex\koma-script\scrpage2.sty"
Package: scrpage2 2010/04/22 v2.5 LaTeX2e KOMA-Script package
LaTeX Info: Redefining \pagemark on input line 176.
)
("C:\Program Files (x86)\MiKTeX 2.8\tex\latex\ams\math\amsmath.sty"
Package: amsmath 2000/07/18 v2.13 AMS math features
\@mathmargin=\skip47

For additional information on amsmath, use the `?' option.
("C:\Program Files (x86)\MiKTeX 2.8\tex\latex\ams\math\amstext.sty"
Package: amstext 2000/06/29 v2.01

("C:\Program Files (x86)\MiKTeX 2.8\tex\latex\ams\math\amsgen.sty"
File: amsgen.sty 1999/11/30 v2.0
\@emptytoks=\toks16
\ex@=\dimen111
))
("C:\Program Files (x86)\MiKTeX 2.8\tex\latex\ams\math\amsbsy.sty"
Package: amsbsy 1999/11/29 v1.2d
\pmbraise@=\dimen112
)
("C:\Program Files (x86)\MiKTeX 2.8\tex\latex\ams\math\amsopn.sty"
Package: amsopn 1999/12/14 v2.01 operator names
)
\inf@bad=\count91
LaTeX Info: Redefining \frac on input line 211.
\uproot@=\count92
\leftroot@=\count93
LaTeX Info: Redefining \overline on input line 307.
\classnum@=\count94
\DOTSCASE@=\count95
LaTeX Info: Redefining \ldots on input line 379.
LaTeX Info: Redefining \dots on input line 382.
LaTeX Info: Redefining \cdots on input line 467.
\Mathstrutbox@=\box27
\strutbox@=\box28
\big@size=\dimen113
LaTeX Font Info:    Redeclaring font encoding OML on input line 567.
LaTeX Font Info:    Redeclaring font encoding OMS on input line 568.
\macc@depth=\count96
\c@MaxMatrixCols=\count97
\dotsspace@=\muskip10
\c@parentequation=\count98
\dspbrk@lvl=\count99
\tag@help=\toks17
\row@=\count100
\column@=\count101
\maxfields@=\count102
\andhelp@=\toks18
\eqnshift@=\dimen114
\alignsep@=\dimen115
\tagshift@=\dimen116
\tagwidth@=\dimen117
\totwidth@=\dimen118
\lineht@=\dimen119
\@envbody=\toks19
\multlinegap=\skip48
\multlinetaggap=\skip49
\mathdisplay@stack=\toks20
LaTeX Info: Redefining \[ on input line 2666.
LaTeX Info: Redefining \] on input line 2667.
)
("C:\Program Files (x86)\MiKTeX 2.8\tex\latex\amsfonts\amsfonts.sty"
Package: amsfonts 2009/06/22 v3.00 Basic AMSFonts support
\symAMSa=\mathgroup4
\symAMSb=\mathgroup5
LaTeX Font Info:    Overwriting math alphabet `\mathfrak' in version `bold'
(Font)                  U/euf/m/n --> U/euf/b/n on input line 96.
)
("C:\Program Files (x86)\MiKTeX 2.8\tex\latex\amsfonts\amssymb.sty"
Package: amssymb 2009/06/22 v3.00
)
("C:\Program Files (x86)\MiKTeX 2.8\tex\latex\ams\math\amsxtra.sty"
Package: amsxtra 1999/11/15 v1.2c
LaTeX Info: Redefining \nobreakspace on input line 77.
)
("C:\Program Files (x86)\MiKTeX 2.8\tex\latex\enumitem\enumitem.sty"
Package: enumitem 2009/05/18 v2.2 Customized lists
\enit@toks=\toks21
\labelindent=\skip50
\enit@outerparindent=\dimen120
\enitdp@desc=\count103
)
("C:\Program Files (x86)\MiKTeX 2.8\tex\latex\tools\multicol.sty"
Package: multicol 2008/12/05 v1.6h multicolumn formatting (FMi)
\c@tracingmulticols=\count104
\mult@box=\box29
\multicol@leftmargin=\dimen121
\c@unbalance=\count105
\c@collectmore=\count106
\doublecol@number=\count107
\multicoltolerance=\count108
\multicolpretolerance=\count109
\full@width=\dimen122
\page@free=\dimen123
\premulticols=\dimen124
\postmulticols=\dimen125
\multicolsep=\skip51
\multicolbaselineskip=\skip52
\partial@page=\box30
\last@line=\box31
\mult@rightbox=\box32
\mult@grightbox=\box33
\mult@gfirstbox=\box34
\mult@firstbox=\box35
\@tempa=\box36
\@tempa=\box37
\@tempa=\box38
\@tempa=\box39
\@tempa=\box40
\@tempa=\box41
\@tempa=\box42
\@tempa=\box43
\@tempa=\box44
\@tempa=\box45
\@tempa=\box46
\@tempa=\box47
\@tempa=\box48
\@tempa=\box49
\@tempa=\box50
\@tempa=\box51
\@tempa=\box52
\c@columnbadness=\count110
\c@finalcolumnbadness=\count111
\last@try=\dimen126
\multicolovershoot=\dimen127
\multicolundershoot=\dimen128
\mult@nat@firstbox=\box53
\colbreak@box=\box54
)

LaTeX Warning: Unused global option(s):
    [threecolumn].

No file CheatSheet.aux.
LaTeX Font Info:    Checking defaults for OML/cmm/m/it on input line 7.
LaTeX Font Info:    ... okay on input line 7.
LaTeX Font Info:    Checking defaults for T1/cmr/m/n on input line 7.
LaTeX Font Info:    ... okay on input line 7.
LaTeX Font Info:    Checking defaults for OT1/cmr/m/n on input line 7.
LaTeX Font Info:    ... okay on input line 7.
LaTeX Font Info:    Checking defaults for OMS/cmsy/m/n on input line 7.
LaTeX Font Info:    ... okay on input line 7.
LaTeX Font Info:    Checking defaults for OMX/cmex/m/n on input line 7.
LaTeX Font Info:    ... okay on input line 7.
LaTeX Font Info:    Checking defaults for U/cmr/m/n on input line 7.
LaTeX Font Info:    ... okay on input line 7.
*geometry* driver: auto-detecting
*geometry* detected driver: pdftex
*geometry* verbose mode - [ preamble ] result:
* driver: pdftex
* paper: a4paper
* layout: <same size as paper>
* layoutoffset:(h,v)=(0.0pt,0.0pt)
* hratio: 3:2
* modes: landscape 
* h-part:(L,W,R)=(28.45274pt, 788.14136pt, 28.45274pt)
* v-part:(T,H,B)=(28.45274pt, 540.60239pt, 28.45274pt)
* \paperwidth=845.04684pt
* \paperheight=597.50787pt
* \textwidth=788.14136pt
* \textheight=540.60239pt
* \oddsidemargin=-43.81725pt
* \evensidemargin=-43.81725pt
* \topmargin=-73.92972pt
* \headheight=13.68748pt
* \headsep=16.42499pt
* \topskip=9.0pt
* \footskip=38.32498pt
* \marginparwidth=211.26173pt
* \marginparsep=12.8401pt
* \columnsep=10.0pt
* \skip\footins=8.0pt plus 4.0pt minus 2.0pt
* \hoffset=0.0pt
* \voffset=0.0pt
* \mag=1000
* \@twocolumnfalse
* \@twosidefalse
* \@mparswitchfalse
* \@reversemarginfalse
* (1in=72.27pt=25.4mm, 1cm=28.453pt)


Overfull \hbox (11.40175pt too wide) in paragraph at lines 71--71
[]  \OT1/cmtt/m/n/9 >>> index=d.find_col(['Temperature',2,'Resistance'])[] 
 []


Overfull \hbox (16.1267pt too wide) in paragraph at lines 90--90
[]  \OT1/cmtt/m/n/9 >>>d.search('Temperature',lambda x,y: x>10 and x<100)[] 
 []


Overfull \hbox (16.1267pt too wide) in paragraph at lines 125--125
[]  \OT1/cmtt/m/n/9 >>> d.swap_column([(0,1),('Temp','Volt'),(2,'Curr')])[] 
 []


Overfull \hbox (6.6768pt too wide) in paragraph at lines 125--125
[]  \OT1/cmtt/m/n/9 >>> d.reorder([1,3,'Volt','Temp'],header_too=False)[] 
 []


Overfull \hbox (6.6768pt too wide) in paragraph at lines 172--172
[]               \OT1/cmtt/m/n/9 yerr='dResistance', xerr=[5,'dTemp+'])[] 
 []


Overfull \hbox (1.95186pt too wide) in paragraph at lines 204--204
[]  \OT1/cmtt/m/n/9 >>> a.subtract('A','B'm header="A-B",replace=True)[] 
 []


Overfull \hbox (1.95186pt too wide) in paragraph at lines 204--204
[]  \OT1/cmtt/m/n/9 >>> a.add('A','B',header='A plus B',replace=False)[] 
 []


Overfull \hbox (6.6768pt too wide) in paragraph at lines 204--204
[]               \OT1/cmtt/m/n/9 header='Normalised Data',replace=True)[] 
 []


Overfull \hbox (6.6768pt too wide) in paragraph at lines 212--212
[]        \OT1/cmtt/m/n/9 bounds=lambda x, y:True, result="New Column")[] 
 []


Overfull \hbox (25.57658pt too wide) in paragraph at lines 212--212
[]  \OT1/cmtt/m/n/9 >>> a.curve_fit(func,  xcol, ycol, p0=None, sigma=None,[] 
 []


Overfull \hbox (16.1267pt too wide) in paragraph at lines 212--212
[]        \OT1/cmtt/m/n/9 bounds=lambda x, y: True, result="New column" )[] 
 []

[1

{C:/ProgramData/MiKTeX/2.8/pdftex/config/pdftex.map}]
(C:\PythonCode\doc\CheatSheet.aux) ) 
Here is how much of TeX's memory you used:
 3053 strings out of 495285
 43176 string characters out of 3179827
 158682 words of memory out of 3000000
 6257 multiletter control sequences out of 15000+200000
 5019 words of font info for 19 fonts, out of 3000000 for 9000
 14 hyphenation exceptions out of 8191
 37i,6n,43p,343b,228s stack positions out of 5000i,500n,10000p,200000b,50000s
<C:/Program Files (x86)/MiKTeX 2.8/fonts/ty
pe1/public/amsfonts/cm/cmbx12.pfb><C:/Program Files (x86)/MiKTeX 2.8/fonts/type
1/public/amsfonts/cm/cmbx9.pfb><C:/Program Files (x86)/MiKTeX 2.8/fonts/type1/p
ublic/amsfonts/cm/cmr9.pfb><C:/Program Files (x86)/MiKTeX 2.8/fonts/type1/publi
c/amsfonts/cm/cmtt9.pfb>
Output written on CheatSheet.pdf (1 page, 61399 bytes).
PDF statistics:
 22 PDF objects out of 1000 (max. 8388607)
 0 named destinations out of 1000 (max. 500000)
 1 words of extra memory for PDF output out of 10000 (max. 10000000)

